<?xml version="1.0" encoding="UTF-8"?>
<!-- Generated by org.testng.reporters.JUnitXMLReporter -->
<testsuite ignored="0" hostname="varsity-tech-5" failures="1" tests="2" name="reEngeneeringsuiteTest" time="12.955" errors="0" timestamp="2025-11-25T17:33:37 IST">
  <testcase classname="com.varsity.application.tests.TC_0001LoginPageTest" name="loginPageTest" time="0.846">
    <failure type="java.lang.AssertionError" message="URL is not matching expected [http://192.168.20.19:8081/] but found [http://192.168.20.19:8081/login]">
      <![CDATA[java.lang.AssertionError: URL is not matching expected [http://192.168.20.19:8081/] but found [http://192.168.20.19:8081/login]
at com.varsity.application.pages.LoginPageObjects.urlValidation(LoginPageObjects.java:49)
at com.varsity.application.tests.TC_0001LoginPageTest.loginPageTest(TC_0001LoginPageTest.java:16)
at java.base/java.util.ArrayList.forEach(ArrayList.java:1596)
... Removed 30 stack frames]]>
    </failure>
  </testcase> <!-- loginPageTest -->
  <testcase classname="com.varsity.application.tests.ValidateRequiredFieldErrorsTest" name="validateRequiredFieldErrorsTest" time="6.837"/>
</testsuite> <!-- reEngeneeringsuiteTest -->
