<?xml version="1.0" encoding="UTF-8"?>
<testng-results ignored="0" total="1" passed="1" failed="0" skipped="0">
  <reporter-output>
  </reporter-output>
  <suite started-at="2025-12-01T11:43:50 IST" name="Default suite" finished-at="2025-12-01T11:44:28 IST" duration-ms="38669">
    <groups>
    </groups>
    <test started-at="2025-12-01T11:43:50 IST" name="Default test" finished-at="2025-12-01T11:44:28 IST" duration-ms="38669">
      <class name="com.varsity.application.tests.TC_0002ApplicationModuleTestClass">
        <test-method is-config="true" signature="setup()[pri:0, instance:com.varsity.application.tests.TC_0002ApplicationModuleTestClass@3d285d7e]" started-at="2025-12-01T11:43:50 IST" name="setup" finished-at="2025-12-01T11:43:53 IST" duration-ms="3394" status="PASS">
          <reporter-output>
          </reporter-output>
        </test-method> <!-- setup -->
        <test-method signature="homePageTest()[pri:0, instance:com.varsity.application.tests.TC_0002ApplicationModuleTestClass@3d285d7e]" started-at="2025-12-01T11:43:53 IST" name="homePageTest" finished-at="2025-12-01T11:44:28 IST" duration-ms="34883" status="PASS">
          <reporter-output>
          </reporter-output>
        </test-method> <!-- homePageTest -->
        <test-method is-config="true" signature="teardown()[pri:0, instance:com.varsity.application.tests.TC_0002ApplicationModuleTestClass@3d285d7e]" started-at="2025-12-01T11:44:28 IST" name="teardown" finished-at="2025-12-01T11:44:28 IST" duration-ms="327" status="PASS">
          <reporter-output>
          </reporter-output>
        </test-method> <!-- teardown -->
      </class> <!-- com.varsity.application.tests.TC_0002ApplicationModuleTestClass -->
    </test> <!-- Default test -->
  </suite> <!-- Default suite -->
</testng-results>
