<?xml version="1.0" encoding="UTF-8"?>
<testng-results ignored="0" total="2" passed="1" failed="1" skipped="0">
  <reporter-output>
  </reporter-output>
  <suite started-at="2025-11-25T17:33:22 IST" name="reEngenering" finished-at="2025-11-25T17:33:35 IST" duration-ms="12955">
    <groups>
    </groups>
    <test started-at="2025-11-25T17:33:22 IST" name="reEngeneeringsuiteTest" finished-at="2025-11-25T17:33:35 IST" duration-ms="12955">
      <class name="com.varsity.application.tests.TC_0001LoginPageTest">
        <test-method is-config="true" signature="setup()[pri:0, instance:com.varsity.application.tests.TC_0001LoginPageTest@489115ef]" started-at="2025-11-25T17:33:22 IST" name="setup" finished-at="2025-11-25T17:33:25 IST" duration-ms="2816" status="PASS">
          <reporter-output>
          </reporter-output>
        </test-method> <!-- setup -->
        <test-method signature="loginPageTest()[pri:0, instance:com.varsity.application.tests.TC_0001LoginPageTest@489115ef]" started-at="2025-11-25T17:33:25 IST" name="loginPageTest" finished-at="2025-11-25T17:33:26 IST" duration-ms="846" status="FAIL">
          <exception class="java.lang.AssertionError">
            <message>
              <![CDATA[URL is not matching expected [http://192.168.20.19:8081/] but found [http://192.168.20.19:8081/login]]]>
            </message>
            <full-stacktrace>
              <![CDATA[java.lang.AssertionError: URL is not matching expected [http://192.168.20.19:8081/] but found [http://192.168.20.19:8081/login]
at org.testng.Assert.fail(Assert.java:111)
at org.testng.Assert.failNotEquals(Assert.java:1590)
at org.testng.Assert.assertEqualsImpl(Assert.java:150)
at org.testng.Assert.assertEquals(Assert.java:132)
at org.testng.Assert.assertEquals(Assert.java:656)
at com.varsity.application.pages.LoginPageObjects.urlValidation(LoginPageObjects.java:49)
at com.varsity.application.tests.TC_0001LoginPageTest.loginPageTest(TC_0001LoginPageTest.java:16)
at java.base/jdk.internal.reflect.DirectMethodHandleAccessor.invoke(DirectMethodHandleAccessor.java:103)
at java.base/java.lang.reflect.Method.invoke(Method.java:580)
at org.testng.internal.invokers.MethodInvocationHelper.invokeMethod(MethodInvocationHelper.java:141)
at org.testng.internal.invokers.TestInvoker.invokeMethod(TestInvoker.java:687)
at org.testng.internal.invokers.TestInvoker.invokeTestMethod(TestInvoker.java:230)
at org.testng.internal.invokers.MethodRunner.runInSequence(MethodRunner.java:63)
at org.testng.internal.invokers.TestInvoker$MethodInvocationAgent.invoke(TestInvoker.java:995)
at org.testng.internal.invokers.TestInvoker.invokeTestMethods(TestInvoker.java:203)
at org.testng.internal.invokers.TestMethodWorker.invokeTestMethods(TestMethodWorker.java:154)
at org.testng.internal.invokers.TestMethodWorker.run(TestMethodWorker.java:134)
at java.base/java.util.ArrayList.forEach(ArrayList.java:1596)
at org.testng.TestRunner.privateRun(TestRunner.java:741)
at org.testng.TestRunner.run(TestRunner.java:616)
at org.testng.SuiteRunner.runTest(SuiteRunner.java:421)
at org.testng.SuiteRunner.runSequentially(SuiteRunner.java:413)
at org.testng.SuiteRunner.privateRun(SuiteRunner.java:373)
at org.testng.SuiteRunner.run(SuiteRunner.java:312)
at org.testng.SuiteRunnerWorker.runSuite(SuiteRunnerWorker.java:52)
at org.testng.SuiteRunnerWorker.run(SuiteRunnerWorker.java:95)
at org.testng.TestNG.runSuitesSequentially(TestNG.java:1274)
at org.testng.TestNG.runSuitesLocally(TestNG.java:1208)
at org.testng.TestNG.runSuites(TestNG.java:1112)
at org.testng.TestNG.run(TestNG.java:1079)
at org.testng.remote.AbstractRemoteTestNG.run(AbstractRemoteTestNG.java:115)
at org.testng.remote.RemoteTestNG.initAndRun(RemoteTestNG.java:293)
at org.testng.remote.RemoteTestNG.main(RemoteTestNG.java:91)
]]>
            </full-stacktrace>
          </exception> <!-- java.lang.AssertionError -->
          <reporter-output>
          </reporter-output>
        </test-method> <!-- loginPageTest -->
      </class> <!-- com.varsity.application.tests.TC_0001LoginPageTest -->
      <class name="com.varsity.application.tests.ValidateRequiredFieldErrorsTest">
        <test-method is-config="true" signature="setup()[pri:0, instance:com.varsity.application.tests.ValidateRequiredFieldErrorsTest@79079097]" started-at="2025-11-25T17:33:26 IST" name="setup" finished-at="2025-11-25T17:33:28 IST" duration-ms="2053" status="PASS">
          <reporter-output>
          </reporter-output>
        </test-method> <!-- setup -->
        <test-method signature="validateRequiredFieldErrorsTest()[pri:0, instance:com.varsity.application.tests.ValidateRequiredFieldErrorsTest@79079097]" started-at="2025-11-25T17:33:28 IST" name="validateRequiredFieldErrorsTest" finished-at="2025-11-25T17:33:35 IST" duration-ms="6837" status="PASS">
          <reporter-output>
          </reporter-output>
        </test-method> <!-- validateRequiredFieldErrorsTest -->
      </class> <!-- com.varsity.application.tests.ValidateRequiredFieldErrorsTest -->
    </test> <!-- reEngeneeringsuiteTest -->
  </suite> <!-- reEngenering -->
</testng-results>
