<?xml version="1.0" encoding="UTF-8"?>
<!-- Generated by org.testng.reporters.JUnitReportReporter -->
<testsuite hostname="varsity-tech-5" failures="0" tests="1" name="com.varsity.application.tests.TC_0005PreviousYearGraphTest" time="13.820" errors="0" timestamp="2025-12-01T10:33:50 IST" skipped="0">
  <testcase classname="com.varsity.application.tests.TC_0005PreviousYearGraphTest" name="previousYearGraphTest" time="13.820"/>
</testsuite> <!-- com.varsity.application.tests.TC_0005PreviousYearGraphTest -->
