<?xml version="1.0" encoding="UTF-8"?>
<!-- Generated by org.testng.reporters.JUnitReportReporter -->
<testsuite hostname="varsity-tech-5" failures="0" tests="1" name="com.varsity.application.tests.TC_0002ApplicationModuleTestClass" time="34.883" errors="0" timestamp="2025-12-01T11:44:29 IST" skipped="0">
  <testcase classname="com.varsity.application.tests.TC_0002ApplicationModuleTestClass" name="homePageTest" time="34.883"/>
</testsuite> <!-- com.varsity.application.tests.TC_0002ApplicationModuleTestClass -->
