<?xml version="1.0" encoding="UTF-8"?>
<!-- Generated by org.testng.reporters.JUnitReportReporter -->
<testsuite hostname="varsity-tech-5" failures="0" tests="1" name="com.varsity.application.tests.ValidateRequiredFieldErrorsTest" time="6.837" errors="0" timestamp="2025-11-25T17:33:38 IST" skipped="0">
  <testcase classname="com.varsity.application.tests.ValidateRequiredFieldErrorsTest" name="validateRequiredFieldErrorsTest" time="6.837"/>
</testsuite> <!-- com.varsity.application.tests.ValidateRequiredFieldErrorsTest -->
